<?xml version="1.0" encoding="UTF-8"?>
<!-- Generated by org.testng.reporters.JUnitXMLReporter -->
<testsuite hostname="LAPTOP-PB9UQNVS" ignored="0" name="Test" tests="3" failures="0" timestamp="2021-09-05T01:24:38 EDT" time="45.39" errors="0">
  <testcase name="runDeleteLegalEntities" time="17.448" classname="com.tesng.classCreate.DeleteLegalEntites"/>
  <testcase name="runEditWorkType" time="17.583" classname="com.tesng.classCreate.EditWorkType"/>
  <testcase name="runcreateAccount" time="23.574" classname="com.tesng.classCreate.createAccount"/>
</testsuite> <!-- Test -->
